2025-07-15 10:55:57,773 - INFO - === Localtunnel restart script started ===
2025-07-15 10:55:57,774 - INFO - Starting localtunnel...
2025-07-15 10:55:57,780 - INFO - Localtunnel started with PID: 11496
2025-07-15 10:56:01,784 - INFO - Localtunnel: your url is: https://robustsupportandsolutions.loca.lt
2025-07-15 10:56:01,784 - INFO - Tunnel successfully established with correct URL: https://robustsupportandsolutions.loca.lt
2025-07-15 10:56:02,785 - INFO - Monitoring tunnel. Next restart in 360.0 minutes.
2025-07-15 10:56:02,785 - INFO - Next scheduled restart at: 2025-07-15 16:56:02
2025-07-15 11:11:51,930 - INFO - === Localtunnel restart script started ===
2025-07-15 11:11:51,930 - INFO - Starting localtunnel...
2025-07-15 11:11:51,944 - INFO - Localtunnel started with PID: 25804
2025-07-15 11:11:57,949 - INFO - Localtunnel: your url is: https://robustsupportandsolutions.loca.lt
2025-07-15 11:11:57,949 - INFO - Tunnel successfully established with correct URL: https://robustsupportandsolutions.loca.lt
2025-07-15 11:11:58,950 - INFO - Monitoring tunnel. Next restart in 360.0 minutes.
2025-07-15 11:11:58,950 - INFO - Next scheduled restart at: 2025-07-15 17:11:58
2025-07-15 11:26:21,538 - INFO - Script interrupted by user.
2025-07-15 11:26:21,538 - INFO - Stopping localtunnel (PID: 25804)...
2025-07-15 11:26:46,860 - INFO - === Localtunnel restart script started ===
2025-07-15 11:26:46,860 - INFO - Starting localtunnel...
2025-07-15 11:26:46,866 - INFO - Localtunnel started with PID: 37532
2025-07-15 11:26:50,869 - INFO - Localtunnel: your url is: https://robustsupportandsolutions.loca.lt
2025-07-15 11:26:50,869 - INFO - Tunnel successfully established with correct URL: https://robustsupportandsolutions.loca.lt
2025-07-15 11:26:51,870 - INFO - Monitoring tunnel. Next restart in 60.0 minutes.
2025-07-15 11:26:51,870 - INFO - Next scheduled restart at: 2025-07-15 12:26:51
2025-07-15 11:28:02,060 - INFO - Script interrupted by user.
2025-07-15 11:28:02,060 - INFO - Stopping localtunnel (PID: 37532)...
2025-07-15 11:28:15,972 - INFO - === Localtunnel restart script started ===
2025-07-15 11:28:15,972 - INFO - Starting localtunnel...
2025-07-15 11:28:15,978 - INFO - Localtunnel started with PID: 22996
2025-07-15 11:28:19,980 - INFO - Localtunnel: your url is: https://robustsupportandsolutions.loca.lt
2025-07-15 11:28:19,980 - INFO - Tunnel successfully established with correct URL: https://robustsupportandsolutions.loca.lt
2025-07-15 11:28:20,981 - INFO - Monitoring tunnel. Next restart in 60.0 minutes.
2025-07-15 11:28:20,981 - INFO - Next scheduled restart at: 2025-07-15 12:28:20
2025-07-15 11:29:59,662 - INFO - Script interrupted by user.
2025-07-15 11:29:59,662 - INFO - Stopping localtunnel (PID: 22996)...
2025-07-15 11:37:52,887 - INFO - === Localtunnel restart script started ===
2025-07-15 11:37:52,888 - INFO - Starting localtunnel...
2025-07-15 11:37:52,893 - INFO - Localtunnel started with PID: 15016
2025-07-15 11:37:56,895 - INFO - Localtunnel: your url is: https://robustsupportandsolutions.loca.lt
2025-07-15 11:37:56,896 - INFO - Tunnel successfully established with correct URL: https://robustsupportandsolutions.loca.lt
2025-07-15 11:37:57,897 - INFO - Monitoring tunnel. Next restart in 60.0 minutes.
2025-07-15 11:37:57,897 - INFO - Next scheduled restart at: 2025-07-15 12:37:57
2025-07-15 11:42:20,579 - INFO - Script interrupted by user.
2025-07-15 11:42:20,579 - INFO - Stopping localtunnel (PID: 15016)...
2025-07-15 12:56:15,843 - INFO - === Localtunnel restart script started ===
2025-07-15 12:56:15,844 - INFO - Starting localtunnel...
2025-07-15 12:56:15,851 - INFO - Localtunnel started with PID: 14560
2025-07-15 12:56:19,854 - INFO - Localtunnel: your url is: https://robustsupportandsolutions.loca.lt
2025-07-15 12:56:19,854 - INFO - Tunnel successfully established with correct URL: https://robustsupportandsolutions.loca.lt
2025-07-15 12:56:20,855 - INFO - Monitoring tunnel. Next restart in 60.0 minutes.
2025-07-15 12:56:20,855 - INFO - Next scheduled restart at: 2025-07-15 13:56:20
